<?xml version="1.0" encoding="UTF-8"?>
<testsuite xmlns:xsi="http://www.w3.org/2001/XMLSchema-instance" xsi:noNamespaceSchemaLocation="https://maven.apache.org/surefire/maven-surefire-plugin/xsd/surefire-test-report.xsd" version="3.0.2" name="com.unla.UnlaApplicationTests" time="5.029" tests="1" errors="0" skipped="0" failures="0">
  <properties>
[...]
</properties>
  <testcase name="contextLoads" classname="com.unla.UnlaApplicationTests" time="0.339">
    <system-out><![CDATA[14:00:31.232 [main] INFO org.springframework.test.context.support.AnnotationConfigContextLoaderUtils -- Could not detect default configuration classes for test class [com.unla.UnlaApplicationTests]: UnlaApplicationTests does not declare any static, non-private, non-final, nested classes annotated with @Configuration.
14:00:31.356 [main] INFO org.springframework.boot.test.context.SpringBootTestContextBootstrapper -- Found @SpringBootConfiguration com.unla.UnlaApplication for test class com.unla.UnlaApplicationTests

  .   ____          _            __ _ _
 /\\ / ___'_ __ _ _(_)_ __  __ _ \ \ \ \
( ( )\___ | '_ | '_| | '_ \/ _` | \ \ \ \
 \\/  ___)| |_)| | | | | || (_| |  ) ) ) )
  '  |____| .__|_| |_|_| |_\__, | / / / /
 =========|_|==============|___/=/_/_/_/

 :: Spring Boot ::                (v3.5.3)

2025-08-05T14:00:31.787-03:00  INFO 11212 --- [unla] [           main] com.unla.UnlaApplicationTests            : Starting UnlaApplicationTests using Java 17.0.11 with PID 11212 (started by julian in C:\Users\julia\OneDrive\Documentos\Spring Boot UNLa\unla)
2025-08-05T14:00:31.789-03:00  INFO 11212 --- [unla] [           main] com.unla.UnlaApplicationTests            : No active profile set, falling back to 1 default profile: "default"
2025-08-05T14:00:32.523-03:00  INFO 11212 --- [unla] [           main] .s.d.r.c.RepositoryConfigurationDelegate : Bootstrapping Spring Data JPA repositories in DEFAULT mode.
2025-08-05T14:00:32.584-03:00  INFO 11212 --- [unla] [           main] .s.d.r.c.RepositoryConfigurationDelegate : Finished Spring Data repository scanning in 51 ms. Found 2 JPA repository interfaces.
2025-08-05T14:00:33.036-03:00  INFO 11212 --- [unla] [           main] o.hibernate.jpa.internal.util.LogHelper  : HHH000204: Processing PersistenceUnitInfo [name: default]
2025-08-05T14:00:33.102-03:00  INFO 11212 --- [unla] [           main] org.hibernate.Version                    : HHH000412: Hibernate ORM core version 6.6.18.Final
2025-08-05T14:00:33.139-03:00  INFO 11212 --- [unla] [           main] o.h.c.internal.RegionFactoryInitiator    : HHH000026: Second-level cache disabled
2025-08-05T14:00:33.512-03:00  INFO 11212 --- [unla] [           main] o.s.o.j.p.SpringPersistenceUnitInfo      : No LoadTimeWeaver setup: ignoring JPA class transformer
2025-08-05T14:00:33.553-03:00  INFO 11212 --- [unla] [           main] com.zaxxer.hikari.HikariDataSource       : HikariPool-1 - Starting...
2025-08-05T14:00:33.754-03:00  INFO 11212 --- [unla] [           main] com.zaxxer.hikari.pool.HikariPool        : HikariPool-1 - Added connection org.postgresql.jdbc.PgConnection@75dd0f94
2025-08-05T14:00:33.755-03:00  INFO 11212 --- [unla] [           main] com.zaxxer.hikari.HikariDataSource       : HikariPool-1 - Start completed.
2025-08-05T14:00:33.811-03:00  WARN 11212 --- [unla] [           main] org.hibernate.orm.deprecation            : HHH90000025: PostgreSQLDialect does not need to be specified explicitly using 'hibernate.dialect' (remove the property setting and it will be selected by default)
2025-08-05T14:00:33.838-03:00  INFO 11212 --- [unla] [           main] org.hibernate.orm.connections.pooling    : HHH10001005: Database info:
	Database JDBC URL [Connecting through datasource 'HikariDataSource (HikariPool-1)']
	Database driver: undefined/unknown
	Database version: 16.2
	Autocommit mode: undefined/unknown
	Isolation level: undefined/unknown
	Minimum pool size: undefined/unknown
	Maximum pool size: undefined/unknown
2025-08-05T14:00:34.630-03:00  INFO 11212 --- [unla] [           main] o.h.e.t.j.p.i.JtaPlatformInitiator       : HHH000489: No JTA platform available (set 'hibernate.transaction.jta.platform' to enable JTA platform integration)
2025-08-05T14:00:34.776-03:00  INFO 11212 --- [unla] [           main] j.LocalContainerEntityManagerFactoryBean : Initialized JPA EntityManagerFactory for persistence unit 'default'
2025-08-05T14:00:35.215-03:00  WARN 11212 --- [unla] [           main] JpaBaseConfiguration$JpaWebConfiguration : spring.jpa.open-in-view is enabled by default. Therefore, database queries may be performed during view rendering. Explicitly configure spring.jpa.open-in-view to disable this warning
2025-08-05T14:00:35.494-03:00  WARN 11212 --- [unla] [           main] ion$DefaultTemplateResolverConfiguration : Cannot find template location: classpath:/templates/ (please add some templates, check your Thymeleaf configuration, or set spring.thymeleaf.check-template-location=false)
2025-08-05T14:00:35.628-03:00  WARN 11212 --- [unla] [           main] .s.s.UserDetailsServiceAutoConfiguration : 

Using generated security password: f46c34e0-2d8f-4c29-9d99-bc692bb344dc

This generated password is for development use only. Your security configuration must be updated before running your application in production.

2025-08-05T14:00:35.635-03:00  INFO 11212 --- [unla] [           main] r$InitializeUserDetailsManagerConfigurer : Global AuthenticationManager configured with UserDetailsService bean with name inMemoryUserDetailsManager
2025-08-05T14:00:35.786-03:00  INFO 11212 --- [unla] [           main] com.unla.UnlaApplicationTests            : Started UnlaApplicationTests in 4.257 seconds (process running for 5.201)
]]></system-out>
  </testcase>
</testsuite>